<?xml version="1.0" encoding="UTF-8"?>
<!-- Generated by org.testng.reporters.JUnitReportReporter -->
<testsuite hostname="noi-amitc-w81" name="code.Mkyong_ContactUs" tests="10" failures="0" timestamp="31 Jul 2016 07:05:11 GMT" time="27.224" errors="0">
  <testcase name="isPageAccessible" time="1.860" classname="code.Mkyong_ContactUs"/>
  <testcase name="isPageAccessible" time="2.664" classname="code.Mkyong_ContactUs"/>
  <testcase name="isPageAccessible" time="2.101" classname="code.Mkyong_ContactUs"/>
  <testcase name="isPageAccessible" time="2.310" classname="code.Mkyong_ContactUs"/>
  <testcase name="isPageAccessible" time="1.692" classname="code.Mkyong_ContactUs"/>
  <testcase name="isPageAccessible" time="1.789" classname="code.Mkyong_ContactUs"/>
  <testcase name="isPageAccessible" time="9.314" classname="code.Mkyong_ContactUs"/>
  <testcase name="isPageAccessible" time="2.036" classname="code.Mkyong_ContactUs"/>
  <testcase name="isPageAccessible" time="1.692" classname="code.Mkyong_ContactUs"/>
  <testcase name="isPageAccessible" time="1.766" classname="code.Mkyong_ContactUs"/>
</testsuite> <!-- code.Mkyong_ContactUs -->
