<?xml version="1.0" encoding="UTF-8"?>
<!-- Generated by org.testng.reporters.JUnitReportReporter -->
<testsuite hostname="noi-amitc-w81" name="code.Mkyong_ContactUs" tests="1" failures="0" timestamp="28 Jul 2016 09:15:53 GMT" time="26.268" errors="0">
  <testcase name="isPageAccessible" time="26.268" classname="code.Mkyong_ContactUs"/>
</testsuite> <!-- code.Mkyong_ContactUs -->
