<?xml version="1.0" encoding="UTF-8"?>
<!-- Generated by org.testng.reporters.JUnitReportReporter -->
<testsuite hostname="noi-amitc-w81" name="code.Mkyong_ContactUs" tests="1" failures="0" timestamp="31 Jul 2016 04:47:58 GMT" time="3.889" errors="0">
  <testcase name="isPageAccessible" time="3.889" classname="code.Mkyong_ContactUs"/>
</testsuite> <!-- code.Mkyong_ContactUs -->
